<?xml version="1.0" encoding="UTF-8"?>
<!-- Generated by org.testng.reporters.JUnitXMLReporter -->
<testsuite ignored="0" hostname="TYSS-Bibhudatta" failures="0" tests="2" name="Test" time="0.978" errors="0" timestamp="2022-09-29T12:04:53 IST">
  <testcase classname="TestRun.TestRunnerWithTestNG" name="@BeforeTest logInToApplication" time="0.007">
    <failure type="java.lang.NullPointerException" message="Cannot invoke &amp;quot;org.openqa.selenium.WebDriver.get(String)&amp;quot; because &amp;quot;this.driver&amp;quot; is null">
      <![CDATA[java.lang.NullPointerException: Cannot invoke "org.openqa.selenium.WebDriver.get(String)" because "this.driver" is null
at TestRun.TestRunnerWithTestNG.logInToApplication(TestRunnerWithTestNG.java:43)
... Removed 24 stack frames]]>
    </failure>
  </testcase> <!-- @BeforeTest logInToApplication -->
  <testcase classname="TestRun.TestRunnerWithTestNG" name="@BeforeClass OpenBrowser" time="0.0">
    <skipped/>
  </testcase> <!-- @BeforeClass OpenBrowser -->
  <testcase classname="TestRun.TestRunnerWithTestNG" name="@AfterClass tearDown" time="0.0">
    <skipped/>
  </testcase> <!-- @AfterClass tearDown -->
  <testcase classname="TestRun.TestRunnerWithTestNG" name="testRun" time="0.0">
    <skipped/>
  </testcase> <!-- testRun -->
  <testcase classname="io.cucumber.testng.AbstractTestNGCucumberTests" name="runScenario" time="0.0">
    <skipped/>
  </testcase> <!-- runScenario -->
</testsuite> <!-- Test -->
